Using pre-set license
Built from '2020.3/staging' branch; Version is '2020.3.13f1 (71691879b7f5) revision 7432472'; Using compiler version '192528614'; Build Type 'Release'
OS: 'Windows 10 Pro; OS build 19043.1466; Version 2009; 64bit' Language: 'ru' Physical Memory: 8143 MB
BatchMode: 1, IsHumanControllingUs: 0, StartBugReporterOnCrash: 0, Is64bit: 1, IsPro: 0

 COMMAND LINE ARGUMENTS:
C:\Program Files\Unity\Hub\Editor\2020.3.13f1\Editor\Unity.exe
-adb2
-batchMode
-noUpm
-name
AssetImportWorker0
-projectPath
C:/Work/UnityProjects/2048Swipe
-logFile
Logs/AssetImportWorker0.log
-srvPort
62453
Successfully changed project path to: C:/Work/UnityProjects/2048Swipe
C:/Work/UnityProjects/2048Swipe
Using Asset Import Pipeline V2.
Refreshing native plugins compatible for Editor in 113.15 ms, found 2 plugins.
Preloading 0 native plugins for Editor in 0.00 ms.
Initialize engine version: 2020.3.13f1 (71691879b7f5)
[Subsystems] Discovering subsystems at path C:/Program Files/Unity/Hub/Editor/2020.3.13f1/Editor/Data/Resources/UnitySubsystems
[Subsystems] Discovering subsystems at path C:/Work/UnityProjects/2048Swipe/Assets
GfxDevice: creating device client; threaded=0
Direct3D:
    Version:  Direct3D 11.0 [level 11.1]
    Renderer: AMD Radeon (TM) R9 380 Series (ID=0x6938)
    Vendor:   
    VRAM:     4070 MB
    Driver:   27.20.20903.8001
Initialize mono
Mono path[0] = 'C:/Program Files/Unity/Hub/Editor/2020.3.13f1/Editor/Data/Managed'
Mono path[1] = 'C:/Program Files/Unity/Hub/Editor/2020.3.13f1/Editor/Data/MonoBleedingEdge/lib/mono/unityjit'
Mono config path = 'C:/Program Files/Unity/Hub/Editor/2020.3.13f1/Editor/Data/MonoBleedingEdge/etc'
Using monoOptions --debugger-agent=transport=dt_socket,embedding=1,server=y,suspend=n,address=127.0.0.1:56548
Begin MonoManager ReloadAssembly
Registering precompiled unity dll's ...
Register platform support module: C:/Program Files/Unity/Hub/Editor/2020.3.13f1/Editor/Data/PlaybackEngines/WindowsStandaloneSupport/UnityEditor.WindowsStandalone.Extensions.dll
Register platform support module: C:/Program Files/Unity/Hub/Editor/2020.3.13f1/Editor/Data/PlaybackEngines/LinuxStandaloneSupport/UnityEditor.LinuxStandalone.Extensions.dll
Registered in 0.004334 seconds.
Native extension for LinuxStandalone target not found
Native extension for WindowsStandalone target not found
Refreshing native plugins compatible for Editor in 51.23 ms, found 2 plugins.
Preloading 0 native plugins for Editor in 0.00 ms.
Mono: successfully reloaded assembly
- Completed reload, in  3.376 seconds
Platform modules already initialized, skipping
Registering precompiled user dll's ...
Registered in 0.029632 seconds.
Begin MonoManager ReloadAssembly
Native extension for LinuxStandalone target not found
Native extension for WindowsStandalone target not found
Refreshing native plugins compatible for Editor in 2.03 ms, found 2 plugins.
Preloading 0 native plugins for Editor in 0.00 ms.
Native libraries test...
Mono: successfully reloaded assembly
- Completed reload, in  4.350 seconds
Platform modules already initialized, skipping
========================================================================
Worker process is ready to serve import requests
Launched and connected shader compiler UnityShaderCompiler.exe after 0.05 seconds
Refreshing native plugins compatible for Editor in 1.57 ms, found 2 plugins.
Preloading 0 native plugins for Editor in 0.00 ms.
Unloading 1669 Unused Serialized files (Serialized files now loaded: 0)
System memory in use before: 74.8 MB.
System memory in use after: 74.9 MB.

Unloading 156 unused Assets to reduce memory usage. Loaded Objects now: 2009.
Total: 3.496300 ms (FindLiveObjects: 0.240200 ms CreateObjectMapping: 0.054900 ms MarkObjects: 3.086900 ms  DeleteObjects: 0.112700 ms)

AssetImportParameters requested are different than current active one (requested -> active):
  custom:framework-win-MediaFoundation: 216162199b28c13a410421893ffa2e32 -> 
  custom:video-decoder-ogg-theora: a1e56fd34408186e4bbccfd4996cb3dc -> 
  custom:container-muxer-webm: aa71ff27fc2769a1b78a27578f13a17b -> 
  custom:container-demuxer-webm: 4f35f7cbe854078d1ac9338744f61a02 -> 
  custom:container-demuxer-ogg: 62fdf1f143b41e24485cea50d1cbac27 -> 
  custom:video-encoder-webm-vp8: eb34c28f22e8b96e1ab97ce403110664 -> 
  custom:video-decoder-webm-vp8: 9c59270c3fd7afecdb556c50c9e8de78 -> 
  custom:audio-decoder-ogg-vorbis: bf7c407c2cedff20999df2af8eb42d56 -> 
  custom:audio-encoder-webm-vorbis: bf7c407c2cedff20999df2af8eb42d56 -> 
========================================================================
Received Import Request.
  path: Assets/icon.png
  artifactKey: Guid(b7082b738d68b411ab52b99fa1bd5fd5) Importer(815301076,1909f56bfc062723c751e8b465ee728b)
Start importing Assets/icon.png using Guid(b7082b738d68b411ab52b99fa1bd5fd5) Importer(815301076,1909f56bfc062723c751e8b465ee728b)  -> (artifact id: '4ab91f54226ba9cb44e3d89d45d0c28a') in 0.131010 seconds 
  Import took 0.134530 seconds .

========================================================================
Received Import Request.
  Time since last request: 61.203663 seconds.
  path: Assets/Scenes/Loader.unity
  artifactKey: Guid(8444f8aa2d0c74507972a9af53b7c59d) Importer(815301076,1909f56bfc062723c751e8b465ee728b)
Start importing Assets/Scenes/Loader.unity using Guid(8444f8aa2d0c74507972a9af53b7c59d) Importer(815301076,1909f56bfc062723c751e8b465ee728b)  -> (artifact id: '227bdecfd5d6929ce5cb87f10aa2654e') in 0.014099 seconds 
  Import took 0.017896 seconds .

========================================================================
Received Import Request.
  Time since last request: 0.052545 seconds.
  path: Assets/Scenes/Loader.unity
  artifactKey: Guid(8444f8aa2d0c74507972a9af53b7c59d) Importer(815301076,1909f56bfc062723c751e8b465ee728b)
Start importing Assets/Scenes/Loader.unity using Guid(8444f8aa2d0c74507972a9af53b7c59d) Importer(815301076,1909f56bfc062723c751e8b465ee728b)  -> (artifact id: '227bdecfd5d6929ce5cb87f10aa2654e') in 0.006406 seconds 
  Import took 0.012098 seconds .

========================================================================
Received Import Request.
  Time since last request: 34.617816 seconds.
  path: Assets/Scripts/AdjustExample.cs
  artifactKey: Guid(ebc98629e79f54249acd89e831c39e51) Importer(815301076,1909f56bfc062723c751e8b465ee728b)
Start importing Assets/Scripts/AdjustExample.cs using Guid(ebc98629e79f54249acd89e831c39e51) Importer(815301076,1909f56bfc062723c751e8b465ee728b)  -> (artifact id: '0c31f58f163872c1ce97db09c9895217') in 0.160747 seconds 
  Import took 0.163657 seconds .

========================================================================
Received Import Request.
  Time since last request: 12.946241 seconds.
  path: Assets/Scripts/Controller.cs
  artifactKey: Guid(87704f2cafc5f1041a62dd882c239fde) Importer(815301076,1909f56bfc062723c751e8b465ee728b)
Start importing Assets/Scripts/Controller.cs using Guid(87704f2cafc5f1041a62dd882c239fde) Importer(815301076,1909f56bfc062723c751e8b465ee728b)  -> (artifact id: '74c09eca852f123fc4a84ccb961f580e') in 0.009550 seconds 
  Import took 0.012471 seconds .

========================================================================
Received Import Request.
  Time since last request: 9.185079 seconds.
  path: Assets/Scripts/Block.cs
  artifactKey: Guid(e6fc91b5a219dfd43871af9000d379a7) Importer(815301076,1909f56bfc062723c751e8b465ee728b)
Start importing Assets/Scripts/Block.cs using Guid(e6fc91b5a219dfd43871af9000d379a7) Importer(815301076,1909f56bfc062723c751e8b465ee728b)  -> (artifact id: '4acb4c659a65fde8e7a33815df2663d4') in 0.009672 seconds 
  Import took 0.012614 seconds .

========================================================================
Received Import Request.
  Time since last request: 2.460064 seconds.
  path: Assets/Scripts/BlockManager.cs
  artifactKey: Guid(4d2fc7e9b8749154bbf43a8dc2a11e47) Importer(815301076,1909f56bfc062723c751e8b465ee728b)
Start importing Assets/Scripts/BlockManager.cs using Guid(4d2fc7e9b8749154bbf43a8dc2a11e47) Importer(815301076,1909f56bfc062723c751e8b465ee728b)  -> (artifact id: '6b03d586f7be47388fc89a158671a31c') in 0.008706 seconds 
  Import took 0.011614 seconds .

========================================================================
Received Import Request.
  Time since last request: 0.001673 seconds.
  path: Assets/Scripts/BlockManager.cs
  artifactKey: Guid(4d2fc7e9b8749154bbf43a8dc2a11e47) Importer(815301076,1909f56bfc062723c751e8b465ee728b)
Start importing Assets/Scripts/BlockManager.cs using Guid(4d2fc7e9b8749154bbf43a8dc2a11e47) Importer(815301076,1909f56bfc062723c751e8b465ee728b)  -> (artifact id: '6b03d586f7be47388fc89a158671a31c') in 0.002713 seconds 
  Import took 0.005506 seconds .

========================================================================
Received Import Request.
  Time since last request: 2.091443 seconds.
  path: Assets/Scripts/CameraConstantWidth.cs
  artifactKey: Guid(4799b705b2259384a9a9c8c682d29970) Importer(815301076,1909f56bfc062723c751e8b465ee728b)
Start importing Assets/Scripts/CameraConstantWidth.cs using Guid(4799b705b2259384a9a9c8c682d29970) Importer(815301076,1909f56bfc062723c751e8b465ee728b)  -> (artifact id: '2c7da8ae8cc34d0fec1dd5cbccec6b78') in 0.007405 seconds 
  Import took 0.010579 seconds .

========================================================================
Received Import Request.
  Time since last request: 0.996296 seconds.
  path: Assets/Scripts/UIManager.cs
  artifactKey: Guid(23808279210b7934f9f5ee3e6a65c9d6) Importer(815301076,1909f56bfc062723c751e8b465ee728b)
Start importing Assets/Scripts/UIManager.cs using Guid(23808279210b7934f9f5ee3e6a65c9d6) Importer(815301076,1909f56bfc062723c751e8b465ee728b)  -> (artifact id: '3bf5bb2b41f71c03e88485855a7cb69c') in 0.008579 seconds 
  Import took 0.012262 seconds .

========================================================================
Received Import Request.
  Time since last request: 0.001385 seconds.
  path: Assets/Scripts/UIManager.cs
  artifactKey: Guid(23808279210b7934f9f5ee3e6a65c9d6) Importer(815301076,1909f56bfc062723c751e8b465ee728b)
Start importing Assets/Scripts/UIManager.cs using Guid(23808279210b7934f9f5ee3e6a65c9d6) Importer(815301076,1909f56bfc062723c751e8b465ee728b)  -> (artifact id: '3bf5bb2b41f71c03e88485855a7cb69c') in 0.003162 seconds 
  Import took 0.005777 seconds .

========================================================================
Received Import Request.
  Time since last request: 0.415977 seconds.
  path: Assets/Scripts/Pad.cs
  artifactKey: Guid(bc9e5d88801efaf4283bba08ec84b149) Importer(815301076,1909f56bfc062723c751e8b465ee728b)
Start importing Assets/Scripts/Pad.cs using Guid(bc9e5d88801efaf4283bba08ec84b149) Importer(815301076,1909f56bfc062723c751e8b465ee728b)  -> (artifact id: '7c7a54e5ab8a16e9a6513fe354462bdb') in 0.013316 seconds 
  Import took 0.018089 seconds .

========================================================================
Received Prepare
Registering precompiled user dll's ...
Registered in 0.024061 seconds.
Begin MonoManager ReloadAssembly
Native extension for LinuxStandalone target not found
Native extension for WindowsStandalone target not found
Refreshing native plugins compatible for Editor in 1.66 ms, found 2 plugins.
Preloading 0 native plugins for Editor in 0.00 ms.
CreateSerializedAsset is not supported while importing out-of-process
UnityEngine.StackTraceUtility:ExtractStackTrace ()
acF:A (System.Type,string,string)
acF:.cctor ()
System.Runtime.CompilerServices.RuntimeHelpers:RunClassConstructor (System.RuntimeTypeHandle)
UnityEditor.EditorAssemblies:ProcessInitializeOnLoadAttributes (System.Type[])

[C:\buildslave\unity\build\Modules/AssetDatabase/Editor/Public/AssetDatabaseUtility.cpp line 164]

UnityEngine.UnityException: Creating asset at path Assets/Resources/PlaygroundCredentialsTemp.asset failed.
  at (wrapper managed-to-native) UnityEditor.AssetDatabase.CreateAsset(UnityEngine.Object,string)
  at acF.A (System.Type , System.String , System.String ) [0x00075] in <85a8fe7502534e4ea62e29586f8731c2>:0 
  at acF..cctor () [0x0007c] in <85a8fe7502534e4ea62e29586f8731c2>:0 
UnityEngine.StackTraceUtility:ExtractStackTrace ()
UnityEngine.DebugLogHandler:LogFormat (UnityEngine.LogType,UnityEngine.Object,string,object[])
UnityEngine.Logger:Log (UnityEngine.LogType,object)
UnityEngine.Debug:LogError (object)
UnityEditor.EditorAssemblies:ProcessInitializeOnLoadAttributes (System.Type[])

Native libraries test...
Mono: successfully reloaded assembly
- Completed reload, in  3.466 seconds
Platform modules already initialized, skipping
Refreshing native plugins compatible for Editor in 1.64 ms, found 2 plugins.
Preloading 0 native plugins for Editor in 0.00 ms.
Unloading 1661 Unused Serialized files (Serialized files now loaded: 0)
System memory in use before: 74.3 MB.
System memory in use after: 74.4 MB.

Unloading 150 unused Assets to reduce memory usage. Loaded Objects now: 2015.
Total: 3.121300 ms (FindLiveObjects: 0.207000 ms CreateObjectMapping: 0.048300 ms MarkObjects: 2.813700 ms  DeleteObjects: 0.051100 ms)

AssetImportParameters requested are different than current active one (requested -> active):
  custom:framework-win-MediaFoundation: 216162199b28c13a410421893ffa2e32 -> 
  custom:video-decoder-ogg-theora: a1e56fd34408186e4bbccfd4996cb3dc -> 
  custom:container-muxer-webm: aa71ff27fc2769a1b78a27578f13a17b -> 
  custom:container-demuxer-webm: 4f35f7cbe854078d1ac9338744f61a02 -> 
  custom:container-demuxer-ogg: 62fdf1f143b41e24485cea50d1cbac27 -> 
  custom:video-encoder-webm-vp8: eb34c28f22e8b96e1ab97ce403110664 -> 
  custom:video-decoder-webm-vp8: 9c59270c3fd7afecdb556c50c9e8de78 -> 
  custom:audio-decoder-ogg-vorbis: bf7c407c2cedff20999df2af8eb42d56 -> 
  custom:audio-encoder-webm-vorbis: bf7c407c2cedff20999df2af8eb42d56 -> 
AssetImportWorkerClient::OnTransportError - code=2 error=End of file
